<?xml version="1.0" encoding="UTF-8"?>
<testsuite xmlns:xsi="http://www.w3.org/2001/XMLSchema-instance" xsi:noNamespaceSchemaLocation="https://maven.apache.org/surefire/maven-surefire-plugin/xsd/surefire-test-report.xsd" version="3.0.2" name="com.example.aviation.unit.OpenSkyPropertiesTest" time="0.403" tests="3" errors="0" skipped="0" failures="0">
  <properties>
[...]
</properties>
  <testcase name="shouldBindIntervalMs" classname="com.example.aviation.unit.OpenSkyPropertiesTest" time="0.007">
    <system-out><![CDATA[2026-05-18T10:41:33.832+05:00  INFO 33794 --- [           main] t.c.s.AnnotationConfigContextLoaderUtils : Could not detect default configuration classes for test class [com.example.aviation.unit.OpenSkyPropertiesTest]: OpenSkyPropertiesTest does not declare any static, non-private, non-final, nested classes annotated with @Configuration.
2026-05-18T10:41:33.834+05:00  INFO 33794 --- [           main] .b.t.c.SpringBootTestContextBootstrapper : Found @SpringBootConfiguration com.example.aviation.AviationSchedulerApplication for test class com.example.aviation.unit.OpenSkyPropertiesTest

  .   ____          _            __ _ _
 /\\ / ___'_ __ _ _(_)_ __  __ _ \ \ \ \
( ( )\___ | '_ | '_| | '_ \/ _` | \ \ \ \
 \\/  ___)| |_)| | | | | || (_| |  ) ) ) )
  '  |____| .__|_| |_|_| |_\__, | / / / /
 =========|_|==============|___/=/_/_/_/

 :: Spring Boot ::                (v3.4.5)

2026-05-18T10:41:33.877+05:00  INFO 33794 --- [           main] c.e.aviation.unit.OpenSkyPropertiesTest  : Starting OpenSkyPropertiesTest using Java 21.0.9 with PID 33794 (started by ahasan in /Users/ahasan/engineering-stuff/aviation-project/aircraft-states-collector)
2026-05-18T10:41:33.877+05:00  INFO 33794 --- [           main] c.e.aviation.unit.OpenSkyPropertiesTest  : The following 1 profile is active: "test"
2026-05-18T10:41:34.210+05:00  INFO 33794 --- [           main] c.e.aviation.unit.OpenSkyPropertiesTest  : Started OpenSkyPropertiesTest in 0.371 seconds (process running for 5.013)
2026-05-18T10:41:34.210+05:00 ERROR 33794 --- [   scheduling-1] c.e.a.service.StateVectorFetcherService  : Failed to fetch state vectors from OpenSky API

org.springframework.security.oauth2.client.ClientAuthorizationException: [invalid_token_response] An error occurred while attempting to retrieve the OAuth 2.0 Access Token Response: I/O error on POST request for "http://localhost:8089/auth/token": Connection refused
	at org.springframework.security.oauth2.client.ClientCredentialsOAuth2AuthorizedClientProvider.getTokenResponse(ClientCredentialsOAuth2AuthorizedClientProvider.java:96) ~[spring-security-oauth2-client-6.4.5.jar:6.4.5]
	at org.springframework.security.oauth2.client.ClientCredentialsOAuth2AuthorizedClientProvider.authorize(ClientCredentialsOAuth2AuthorizedClientProvider.java:85) ~[spring-security-oauth2-client-6.4.5.jar:6.4.5]
	at org.springframework.security.oauth2.client.DelegatingOAuth2AuthorizedClientProvider.authorize(DelegatingOAuth2AuthorizedClientProvider.java:71) ~[spring-security-oauth2-client-6.4.5.jar:6.4.5]
	at org.springframework.security.oauth2.client.AuthorizedClientServiceOAuth2AuthorizedClientManager.authorize(AuthorizedClientServiceOAuth2AuthorizedClientManager.java:144) ~[spring-security-oauth2-client-6.4.5.jar:6.4.5]
	at com.example.aviation.client.OpenSkyApiClient.obtainAccessToken(OpenSkyApiClient.java:60) ~[classes/:na]
	at com.example.aviation.client.OpenSkyApiClient.buildHeaders(OpenSkyApiClient.java:49) ~[classes/:na]
	at com.example.aviation.client.OpenSkyApiClient.fetchStateVectors(OpenSkyApiClient.java:32) ~[classes/:na]
	at com.example.aviation.service.StateVectorFetcherService.fetchAndProcess(StateVectorFetcherService.java:18) ~[classes/:na]
	at com.example.aviation.scheduler.StateVectorScheduler.scheduledFetch(StateVectorScheduler.java:19) ~[classes/:na]
	at java.base/jdk.internal.reflect.DirectMethodHandleAccessor.invoke(DirectMethodHandleAccessor.java:103) ~[na:na]
	at java.base/java.lang.reflect.Method.invoke(Method.java:580) ~[na:na]
	at org.springframework.scheduling.support.ScheduledMethodRunnable.runInternal(ScheduledMethodRunnable.java:130) ~[spring-context-6.2.6.jar:6.2.6]
	at org.springframework.scheduling.support.ScheduledMethodRunnable.lambda$run$2(ScheduledMethodRunnable.java:124) ~[spring-context-6.2.6.jar:6.2.6]
	at io.micrometer.observation.Observation.observe(Observation.java:498) ~[micrometer-observation-1.14.6.jar:1.14.6]
	at org.springframework.scheduling.support.ScheduledMethodRunnable.run(ScheduledMethodRunnable.java:124) ~[spring-context-6.2.6.jar:6.2.6]
	at org.springframework.scheduling.config.Task$OutcomeTrackingRunnable.run(Task.java:85) ~[spring-context-6.2.6.jar:6.2.6]
	at org.springframework.scheduling.support.DelegatingErrorHandlingRunnable.run(DelegatingErrorHandlingRunnable.java:54) ~[spring-context-6.2.6.jar:6.2.6]
	at java.base/java.util.concurrent.Executors$RunnableAdapter.call(Executors.java:572) ~[na:na]
	at java.base/java.util.concurrent.FutureTask.runAndReset(FutureTask.java:358) ~[na:na]
	at java.base/java.util.concurrent.ScheduledThreadPoolExecutor$ScheduledFutureTask.run(ScheduledThreadPoolExecutor.java:305) ~[na:na]
	at java.base/java.util.concurrent.ThreadPoolExecutor.runWorker(ThreadPoolExecutor.java:1144) ~[na:na]
	at java.base/java.util.concurrent.ThreadPoolExecutor$Worker.run(ThreadPoolExecutor.java:642) ~[na:na]
	at java.base/java.lang.Thread.run(Thread.java:1583) ~[na:na]
Caused by: org.springframework.security.oauth2.core.OAuth2AuthorizationException: [invalid_token_response] An error occurred while attempting to retrieve the OAuth 2.0 Access Token Response: I/O error on POST request for "http://localhost:8089/auth/token": Connection refused
	at org.springframework.security.oauth2.client.endpoint.DefaultClientCredentialsTokenResponseClient.getResponse(DefaultClientCredentialsTokenResponseClient.java:98) ~[spring-security-oauth2-client-6.4.5.jar:6.4.5]
	at org.springframework.security.oauth2.client.endpoint.DefaultClientCredentialsTokenResponseClient.getTokenResponse(DefaultClientCredentialsTokenResponseClient.java:80) ~[spring-security-oauth2-client-6.4.5.jar:6.4.5]
	at org.springframework.security.oauth2.client.endpoint.DefaultClientCredentialsTokenResponseClient.getTokenResponse(DefaultClientCredentialsTokenResponseClient.java:57) ~[spring-security-oauth2-client-6.4.5.jar:6.4.5]
	at org.springframework.security.oauth2.client.ClientCredentialsOAuth2AuthorizedClientProvider.getTokenResponse(ClientCredentialsOAuth2AuthorizedClientProvider.java:93) ~[spring-security-oauth2-client-6.4.5.jar:6.4.5]
	... 22 common frames omitted
Caused by: org.springframework.web.client.ResourceAccessException: I/O error on POST request for "http://localhost:8089/auth/token": Connection refused
	at org.springframework.web.client.RestTemplate.createResourceAccessException(RestTemplate.java:926) ~[spring-web-6.2.6.jar:6.2.6]
	at org.springframework.web.client.RestTemplate.doExecute(RestTemplate.java:906) ~[spring-web-6.2.6.jar:6.2.6]
	at org.springframework.web.client.RestTemplate.exchange(RestTemplate.java:741) ~[spring-web-6.2.6.jar:6.2.6]
	at org.springframework.security.oauth2.client.endpoint.DefaultClientCredentialsTokenResponseClient.getResponse(DefaultClientCredentialsTokenResponseClient.java:91) ~[spring-security-oauth2-client-6.4.5.jar:6.4.5]
	... 25 common frames omitted
Caused by: java.net.ConnectException: Connection refused
	at java.base/sun.nio.ch.Net.connect0(Native Method) ~[na:na]
	at java.base/sun.nio.ch.Net.connect(Net.java:597) ~[na:na]
	at java.base/sun.nio.ch.Net.connect(Net.java:586) ~[na:na]
	at java.base/sun.nio.ch.NioSocketImpl.connect(NioSocketImpl.java:583) ~[na:na]
	at java.base/java.net.Socket.connect(Socket.java:751) ~[na:na]
	at java.base/java.net.Socket.connect(Socket.java:686) ~[na:na]
	at java.base/sun.net.NetworkClient.doConnect(NetworkClient.java:183) ~[na:na]
	at java.base/sun.net.www.http.HttpClient.openServer(HttpClient.java:531) ~[na:na]
	at java.base/sun.net.www.http.HttpClient.openServer(HttpClient.java:636) ~[na:na]
	at java.base/sun.net.www.http.HttpClient.<init>(HttpClient.java:282) ~[na:na]
	at java.base/sun.net.www.http.HttpClient.New(HttpClient.java:386) ~[na:na]
	at java.base/sun.net.www.http.HttpClient.New(HttpClient.java:408) ~[na:na]
	at java.base/sun.net.www.protocol.http.HttpURLConnection.getNewHttpClient(HttpURLConnection.java:1320) ~[na:na]
	at java.base/sun.net.www.protocol.http.HttpURLConnection.plainConnect0(HttpURLConnection.java:1253) ~[na:na]
	at java.base/sun.net.www.protocol.http.HttpURLConnection.plainConnect(HttpURLConnection.java:1139) ~[na:na]
	at java.base/sun.net.www.protocol.http.HttpURLConnection.connect(HttpURLConnection.java:1068) ~[na:na]
	at org.springframework.http.client.SimpleClientHttpRequest.executeInternal(SimpleClientHttpRequest.java:79) ~[spring-web-6.2.6.jar:6.2.6]
	at org.springframework.http.client.AbstractStreamingClientHttpRequest.executeInternal(AbstractStreamingClientHttpRequest.java:71) ~[spring-web-6.2.6.jar:6.2.6]
	at org.springframework.http.client.AbstractClientHttpRequest.execute(AbstractClientHttpRequest.java:81) ~[spring-web-6.2.6.jar:6.2.6]
	at org.springframework.web.client.RestTemplate.doExecute(RestTemplate.java:900) ~[spring-web-6.2.6.jar:6.2.6]
	... 27 common frames omitted

2026-05-18T10:41:34.211+05:00 ERROR 33794 --- [   scheduling-1] o.s.s.s.TaskUtils$LoggingErrorHandler    : Unexpected error occurred in scheduled task

org.springframework.security.oauth2.client.ClientAuthorizationException: [invalid_token_response] An error occurred while attempting to retrieve the OAuth 2.0 Access Token Response: I/O error on POST request for "http://localhost:8089/auth/token": Connection refused
	at org.springframework.security.oauth2.client.ClientCredentialsOAuth2AuthorizedClientProvider.getTokenResponse(ClientCredentialsOAuth2AuthorizedClientProvider.java:96) ~[spring-security-oauth2-client-6.4.5.jar:6.4.5]
	at org.springframework.security.oauth2.client.ClientCredentialsOAuth2AuthorizedClientProvider.authorize(ClientCredentialsOAuth2AuthorizedClientProvider.java:85) ~[spring-security-oauth2-client-6.4.5.jar:6.4.5]
	at org.springframework.security.oauth2.client.DelegatingOAuth2AuthorizedClientProvider.authorize(DelegatingOAuth2AuthorizedClientProvider.java:71) ~[spring-security-oauth2-client-6.4.5.jar:6.4.5]
	at org.springframework.security.oauth2.client.AuthorizedClientServiceOAuth2AuthorizedClientManager.authorize(AuthorizedClientServiceOAuth2AuthorizedClientManager.java:144) ~[spring-security-oauth2-client-6.4.5.jar:6.4.5]
	at com.example.aviation.client.OpenSkyApiClient.obtainAccessToken(OpenSkyApiClient.java:60) ~[classes/:na]
	at com.example.aviation.client.OpenSkyApiClient.buildHeaders(OpenSkyApiClient.java:49) ~[classes/:na]
	at com.example.aviation.client.OpenSkyApiClient.fetchStateVectors(OpenSkyApiClient.java:32) ~[classes/:na]
	at com.example.aviation.service.StateVectorFetcherService.fetchAndProcess(StateVectorFetcherService.java:18) ~[classes/:na]
	at com.example.aviation.scheduler.StateVectorScheduler.scheduledFetch(StateVectorScheduler.java:19) ~[classes/:na]
	at java.base/jdk.internal.reflect.DirectMethodHandleAccessor.invoke(DirectMethodHandleAccessor.java:103) ~[na:na]
	at java.base/java.lang.reflect.Method.invoke(Method.java:580) ~[na:na]
	at org.springframework.scheduling.support.ScheduledMethodRunnable.runInternal(ScheduledMethodRunnable.java:130) ~[spring-context-6.2.6.jar:6.2.6]
	at org.springframework.scheduling.support.ScheduledMethodRunnable.lambda$run$2(ScheduledMethodRunnable.java:124) ~[spring-context-6.2.6.jar:6.2.6]
	at io.micrometer.observation.Observation.observe(Observation.java:498) ~[micrometer-observation-1.14.6.jar:1.14.6]
	at org.springframework.scheduling.support.ScheduledMethodRunnable.run(ScheduledMethodRunnable.java:124) ~[spring-context-6.2.6.jar:6.2.6]
	at org.springframework.scheduling.config.Task$OutcomeTrackingRunnable.run(Task.java:85) ~[spring-context-6.2.6.jar:6.2.6]
	at org.springframework.scheduling.support.DelegatingErrorHandlingRunnable.run(DelegatingErrorHandlingRunnable.java:54) ~[spring-context-6.2.6.jar:6.2.6]
	at java.base/java.util.concurrent.Executors$RunnableAdapter.call(Executors.java:572) ~[na:na]
	at java.base/java.util.concurrent.FutureTask.runAndReset(FutureTask.java:358) ~[na:na]
	at java.base/java.util.concurrent.ScheduledThreadPoolExecutor$ScheduledFutureTask.run(ScheduledThreadPoolExecutor.java:305) ~[na:na]
	at java.base/java.util.concurrent.ThreadPoolExecutor.runWorker(ThreadPoolExecutor.java:1144) ~[na:na]
	at java.base/java.util.concurrent.ThreadPoolExecutor$Worker.run(ThreadPoolExecutor.java:642) ~[na:na]
	at java.base/java.lang.Thread.run(Thread.java:1583) ~[na:na]
Caused by: org.springframework.security.oauth2.core.OAuth2AuthorizationException: [invalid_token_response] An error occurred while attempting to retrieve the OAuth 2.0 Access Token Response: I/O error on POST request for "http://localhost:8089/auth/token": Connection refused
	at org.springframework.security.oauth2.client.endpoint.DefaultClientCredentialsTokenResponseClient.getResponse(DefaultClientCredentialsTokenResponseClient.java:98) ~[spring-security-oauth2-client-6.4.5.jar:6.4.5]
	at org.springframework.security.oauth2.client.endpoint.DefaultClientCredentialsTokenResponseClient.getTokenResponse(DefaultClientCredentialsTokenResponseClient.java:80) ~[spring-security-oauth2-client-6.4.5.jar:6.4.5]
	at org.springframework.security.oauth2.client.endpoint.DefaultClientCredentialsTokenResponseClient.getTokenResponse(DefaultClientCredentialsTokenResponseClient.java:57) ~[spring-security-oauth2-client-6.4.5.jar:6.4.5]
	at org.springframework.security.oauth2.client.ClientCredentialsOAuth2AuthorizedClientProvider.getTokenResponse(ClientCredentialsOAuth2AuthorizedClientProvider.java:93) ~[spring-security-oauth2-client-6.4.5.jar:6.4.5]
	... 22 common frames omitted
Caused by: org.springframework.web.client.ResourceAccessException: I/O error on POST request for "http://localhost:8089/auth/token": Connection refused
	at org.springframework.web.client.RestTemplate.createResourceAccessException(RestTemplate.java:926) ~[spring-web-6.2.6.jar:6.2.6]
	at org.springframework.web.client.RestTemplate.doExecute(RestTemplate.java:906) ~[spring-web-6.2.6.jar:6.2.6]
	at org.springframework.web.client.RestTemplate.exchange(RestTemplate.java:741) ~[spring-web-6.2.6.jar:6.2.6]
	at org.springframework.security.oauth2.client.endpoint.DefaultClientCredentialsTokenResponseClient.getResponse(DefaultClientCredentialsTokenResponseClient.java:91) ~[spring-security-oauth2-client-6.4.5.jar:6.4.5]
	... 25 common frames omitted
Caused by: java.net.ConnectException: Connection refused
	at java.base/sun.nio.ch.Net.connect0(Native Method) ~[na:na]
	at java.base/sun.nio.ch.Net.connect(Net.java:597) ~[na:na]
	at java.base/sun.nio.ch.Net.connect(Net.java:586) ~[na:na]
	at java.base/sun.nio.ch.NioSocketImpl.connect(NioSocketImpl.java:583) ~[na:na]
	at java.base/java.net.Socket.connect(Socket.java:751) ~[na:na]
	at java.base/java.net.Socket.connect(Socket.java:686) ~[na:na]
	at java.base/sun.net.NetworkClient.doConnect(NetworkClient.java:183) ~[na:na]
	at java.base/sun.net.www.http.HttpClient.openServer(HttpClient.java:531) ~[na:na]
	at java.base/sun.net.www.http.HttpClient.openServer(HttpClient.java:636) ~[na:na]
	at java.base/sun.net.www.http.HttpClient.<init>(HttpClient.java:282) ~[na:na]
	at java.base/sun.net.www.http.HttpClient.New(HttpClient.java:386) ~[na:na]
	at java.base/sun.net.www.http.HttpClient.New(HttpClient.java:408) ~[na:na]
	at java.base/sun.net.www.protocol.http.HttpURLConnection.getNewHttpClient(HttpURLConnection.java:1320) ~[na:na]
	at java.base/sun.net.www.protocol.http.HttpURLConnection.plainConnect0(HttpURLConnection.java:1253) ~[na:na]
	at java.base/sun.net.www.protocol.http.HttpURLConnection.plainConnect(HttpURLConnection.java:1139) ~[na:na]
	at java.base/sun.net.www.protocol.http.HttpURLConnection.connect(HttpURLConnection.java:1068) ~[na:na]
	at org.springframework.http.client.SimpleClientHttpRequest.executeInternal(SimpleClientHttpRequest.java:79) ~[spring-web-6.2.6.jar:6.2.6]
	at org.springframework.http.client.AbstractStreamingClientHttpRequest.executeInternal(AbstractStreamingClientHttpRequest.java:71) ~[spring-web-6.2.6.jar:6.2.6]
	at org.springframework.http.client.AbstractClientHttpRequest.execute(AbstractClientHttpRequest.java:81) ~[spring-web-6.2.6.jar:6.2.6]
	at org.springframework.web.client.RestTemplate.doExecute(RestTemplate.java:900) ~[spring-web-6.2.6.jar:6.2.6]
	... 27 common frames omitted

]]></system-out>
  </testcase>
  <testcase name="shouldBindBaseUrl" classname="com.example.aviation.unit.OpenSkyPropertiesTest" time="0.005"/>
  <testcase name="shouldBindTimeouts" classname="com.example.aviation.unit.OpenSkyPropertiesTest" time="0.005"/>
</testsuite>