<?xml version="1.0" encoding="UTF-8"?>
<testsuite xmlns:xsi="http://www.w3.org/2001/XMLSchema-instance" xsi:noNamespaceSchemaLocation="https://maven.apache.org/surefire/maven-surefire-plugin/xsd/surefire-test-report.xsd" version="3.0.2" name="com.example.aviation.unit.OpenSkyApiClientTest" time="0.629" tests="3" errors="0" skipped="0" failures="0">
  <properties>
[...]
</properties>
  <testcase name="fetchStateVectors_shouldIncludeBearerTokenInHeader" classname="com.example.aviation.unit.OpenSkyApiClientTest" time="0.385"/>
  <testcase name="fetchStateVectors_shouldReturnParsedResponse_onSuccess" classname="com.example.aviation.unit.OpenSkyApiClientTest" time="0.073"/>
  <testcase name="fetchStateVectors_shouldThrowException_onHttpError" classname="com.example.aviation.unit.OpenSkyApiClientTest" time="0.009"/>
</testsuite>